<?xml version="1.0" encoding="UTF-8"?>
<testng-results ignored="0" total="1" passed="1" failed="0" skipped="0">
  <reporter-output>
  </reporter-output>
  <suite started-at="2023-01-05T03:54:06 GMT-05:00" name="Suite" finished-at="2023-01-05T03:54:25 GMT-05:00" duration-ms="18657">
    <groups>
    </groups>
    <test started-at="2023-01-05T03:54:06 GMT-05:00" name="Test" finished-at="2023-01-05T03:54:25 GMT-05:00" duration-ms="18657">
      <class name="Testcases.NotificationMessageTestcase">
        <test-method is-config="true" signature="initializationMethod(java.lang.String)[pri:0, instance:Testcases.NotificationMessageTestcase@59402b8f]" started-at="2023-01-05T03:54:06 GMT-05:00" name="initializationMethod" finished-at="2023-01-05T03:54:20 GMT-05:00" duration-ms="13920" status="PASS">
          <params>
            <param index="0">
              <value>
                <![CDATA[notification_message_rendered]]>
              </value>
            </param>
          </params>
          <reporter-output>
          </reporter-output>
        </test-method> <!-- initializationMethod -->
        <test-method signature="notificationMessageFunctionality()[pri:0, instance:Testcases.NotificationMessageTestcase@59402b8f]" started-at="2023-01-05T03:54:20 GMT-05:00" name="notificationMessageFunctionality" finished-at="2023-01-05T03:54:24 GMT-05:00" duration-ms="3578" status="PASS">
          <reporter-output>
          </reporter-output>
        </test-method> <!-- notificationMessageFunctionality -->
        <test-method is-config="true" signature="tearDown()[pri:0, instance:Testcases.NotificationMessageTestcase@59402b8f]" started-at="2023-01-05T03:54:24 GMT-05:00" name="tearDown" finished-at="2023-01-05T03:54:25 GMT-05:00" duration-ms="1011" status="PASS">
          <reporter-output>
          </reporter-output>
        </test-method> <!-- tearDown -->
      </class> <!-- Testcases.NotificationMessageTestcase -->
    </test> <!-- Test -->
  </suite> <!-- Suite -->
</testng-results>
